[lin@intianjora /home/csbgroup/public_html/RE/dataimport_meta/python]$ python start_rf_dataimport.py /home/csbgroup/re_data/nykter_pc/META
starting dataimport Mon May  7 19:50:11 2012 
label pc_cbm_0507 afm /home/csbgroup/re_data/nykter_pc/CNVR_GEXP_METH_merged.afm annotations /home/csbgroup/re_data/nykter_pc/CNVR_GEXP_METH_merged.annotation associations /home/csbgroup/re_data/nykter_pc/CNVR_GEXP_METH_associations_filtered.rface
Running system call mysql -h localhost --port 3306 -uvisquick_rw -pv1sr3ad < ../sql_processing/create_schema_re_pc_cbm_0507.sql
Done creating schema file from template Mon May  7 19:50:11 2012
Parsing features kicked off Mon May  7 19:50:11 2012

in parse_features_rfex : dataset_label = <pc_cbm_0507>

Done populating sample list for pc_cbm_0507
processing done, running bulk load on 54471 features  Mon May  7 19:50:21 2012
Done with processing feature relating loads Mon May  7 19:50:24 2012 
Running system call mysql -h localhost --port 3306 -uvisquick_rw -pv1sr3ad < ../sql_processing/create_schema_rface_pc_cbm_0507.sql
Done creating schema file from template Mon May  7 19:50:24 2012
Parsing features kicked off Mon May  7 19:50:24 2012

 in parse_associations_rfex : dataset_label = <pc_cbm_0507> 

Begin processing associations Mon May  7 19:50:24 2012 Applying processing_pubcrawl no
processing done, running bulk load on 54471 features  Mon May  7 19:50:33 2012

Report: ValidEdges 3085098 ImportanceCutoff 0 edges filtered 0 
unMapped Edges 0 Saved to /home/csbgroup/tcga/re_output/pc_cbm_0507/edges_out_pc_cbm_0507_rface_unmapped.tsv
Begin bulk upload Mon May  7 19:51:56 2012 os.system sh ./results/load_sql_associations_pc_cbm_0507.sh
Done processing associations Mon May  7 19:55:13 2012
adding dataset to admin table with config ../config/rfex_sql.config for label pc_cbm_0507
completed dataimport Mon May  7 19:55:14 2012 
label pc_cbm_0507 afm /home/csbgroup/re_data/nykter_pc/CNVR_GEXP_METH_merged.afm annotations /home/csbgroup/re_data/nykter_pc/CNVR_GEXP_METH_merged.annotation associations /home/csbgroup/re_data/nykter_pc/CNVR_GEXP_METH_associations_filtered.rface
[lin@intianjora /home/csbgroup/public_html/RE/dataimport_meta/python]$ 

